Build started 4/14/2015 8:12:00 PM.
     1>Project "C:\Users\Sahithi\Desktop\OODProj3\Receiver\Receiver\Receiver.vcxproj" on node 2 (Build target(s)).
     1>ClCompile:
         C:\Program Files (x86)\Microsoft Visual Studio 12.0\VC\bin\CL.exe /c /ZI /nologo /W3 /WX- /Od /Oy- /D WIN32 /D _DEBUG /D TEST_RECEIVEREXEC /D _CONSOLE /D _LIB /D _UNICODE /D UNICODE /Gm /EHsc /RTC1 /MDd /GS /fp:precise /Zc:wchar_t /Zc:forScope /Fo"Debug\\" /Fd"Debug\vc120.pdb" /Gd /TP /analyze- /errorReport:prompt ..\..\Display\Display.cpp ..\..\Message\Message.cpp
         Message.cpp
         Display.cpp
         Generating Code...
       Link:
         C:\Program Files (x86)\Microsoft Visual Studio 12.0\VC\bin\link.exe /ERRORREPORT:PROMPT /OUT:"C:\Users\Sahithi\Desktop\OODProj3\Debug\Receiver.exe" /INCREMENTAL /NOLOGO wsock32.lib kernel32.lib user32.lib gdi32.lib winspool.lib comdlg32.lib advapi32.lib shell32.lib ole32.lib oleaut32.lib uuid.lib odbc32.lib odbccp32.lib kernel32.lib user32.lib gdi32.lib winspool.lib comdlg32.lib advapi32.lib shell32.lib ole32.lib oleaut32.lib uuid.lib odbc32.lib odbccp32.lib /MANIFEST /MANIFESTUAC:"level='asInvoker' uiAccess='false'" /manifest:embed /DEBUG /PDB:"C:\Users\Sahithi\Desktop\OODProj3\Debug\Receiver.pdb" /SUBSYSTEM:CONSOLE /TLBID:1 /DYNAMICBASE /NXCOMPAT /IMPLIB:"C:\Users\Sahithi\Desktop\OODProj3\Debug\Receiver.lib" /MACHINE:X86 Debug\BlockingQueue.obj
         Debug\ClientHandler.obj
         Debug\Display.obj
         Debug\Message.obj
         Debug\Sockets.obj
         Debug\Locks.obj
         Debug\Threads.obj
         Debug\ReceiverExecutive.obj
         Debug\Reciever.obj
         Receiver.vcxproj -> C:\Users\Sahithi\Desktop\OODProj3\Debug\Receiver.exe
     1>Done Building Project "C:\Users\Sahithi\Desktop\OODProj3\Receiver\Receiver\Receiver.vcxproj" (Build target(s)).

Build succeeded.

Time Elapsed 00:00:02.20
