c:\users\sahithi\desktop\oodproj3\receiver\receiver\debug\vc120.pdb
c:\users\sahithi\desktop\oodproj3\receiver\receiver\debug\vc120.idb
c:\users\sahithi\desktop\oodproj3\receiver\receiver\debug\blockingqueue.obj
c:\users\sahithi\desktop\oodproj3\receiver\receiver\debug\clienthandler.obj
c:\users\sahithi\desktop\oodproj3\receiver\receiver\debug\display.obj
c:\users\sahithi\desktop\oodproj3\receiver\receiver\debug\message.obj
c:\users\sahithi\desktop\oodproj3\receiver\receiver\debug\sockets.obj
c:\users\sahithi\desktop\oodproj3\receiver\receiver\debug\locks.obj
c:\users\sahithi\desktop\oodproj3\receiver\receiver\debug\threads.obj
c:\users\sahithi\desktop\oodproj3\receiver\receiver\debug\receiverexecutive.obj
c:\users\sahithi\desktop\oodproj3\receiver\receiver\debug\reciever.obj
c:\users\sahithi\desktop\oodproj3\debug\receiver.ilk
c:\users\sahithi\desktop\oodproj3\debug\receiver.exe
c:\users\sahithi\desktop\oodproj3\debug\receiver.pdb
c:\users\sahithi\desktop\oodproj3\receiver\receiver\debug\receiver.tlog\cl.command.1.tlog
c:\users\sahithi\desktop\oodproj3\receiver\receiver\debug\receiver.tlog\cl.read.1.tlog
c:\users\sahithi\desktop\oodproj3\receiver\receiver\debug\receiver.tlog\cl.write.1.tlog
c:\users\sahithi\desktop\oodproj3\receiver\receiver\debug\receiver.tlog\link.command.1.tlog
c:\users\sahithi\desktop\oodproj3\receiver\receiver\debug\receiver.tlog\link.read.1.tlog
c:\users\sahithi\desktop\oodproj3\receiver\receiver\debug\receiver.tlog\link.write.1.tlog
